[2019-08-27 00:11:51] production.DEBUG: SHOW FULL TABLES WHERE table_type = 'BASE TABLE' {"params":[],"time":3.42} 
[2019-08-27 00:11:51] production.DEBUG: select * from information_schema.tables where table_schema = ? and table_name = ? {"params":["casino","migrations"],"time":0.84} 
[2019-08-27 00:11:51] production.DEBUG: create table `migrations` (`id` int unsigned not null auto_increment primary key, `migration` varchar(255) not null, `batch` int not null) default character set utf8 collate 'utf8_unicode_ci' engine = InnoDB {"params":[],"time":183.48} 
[2019-08-27 00:11:51] production.DEBUG: select `migration` from `migrations` order by `batch` asc, `migration` asc {"params":[],"time":0.71} 
[2019-08-27 00:11:51] production.DEBUG: select max(`batch`) as aggregate from `migrations` {"params":[],"time":0.25} 
[2019-08-27 00:11:51] production.DEBUG: create table `users` (`id` int unsigned not null auto_increment primary key, `name` varchar(100) not null, `email` varchar(255) not null, `role` varchar(50) not null, `status` tinyint not null, `password` varchar(255) not null, `remember_token` varchar(100) null, `last_login_from` varchar(45) null, `last_login_at` datetime null, `email_verified_at` timestamp null, `created_at` timestamp null, `updated_at` timestamp null) default character set utf8 collate 'utf8_unicode_ci' engine = InnoDB {"params":[],"time":169.48} 
[2019-08-27 00:11:51] production.DEBUG: alter table `users` add index `users_role_index`(`role`) {"params":[],"time":142.39} 
[2019-08-27 00:11:52] production.DEBUG: alter table `users` add index `users_status_index`(`status`) {"params":[],"time":142.01} 
[2019-08-27 00:11:52] production.DEBUG: alter table `users` add unique `users_name_unique`(`name`) {"params":[],"time":142} 
[2019-08-27 00:11:52] production.DEBUG: alter table `users` add unique `users_email_unique`(`email`) {"params":[],"time":150.47} 
[2019-08-27 00:11:52] production.DEBUG: insert into `migrations` (`migration`, `batch`) values (?, ?) {"params":["2014_10_12_000000_create_users_table",1],"time":25.47} 
[2019-08-27 00:11:52] production.DEBUG: create table `password_resets` (`email` varchar(255) not null, `token` varchar(255) not null, `created_at` timestamp null) default character set utf8 collate 'utf8_unicode_ci' engine = InnoDB {"params":[],"time":125.42} 
[2019-08-27 00:11:52] production.DEBUG: alter table `password_resets` add index `password_resets_email_index`(`email`) {"params":[],"time":100.67} 
[2019-08-27 00:11:52] production.DEBUG: insert into `migrations` (`migration`, `batch`) values (?, ?) {"params":["2014_10_12_100000_create_password_resets_table",1],"time":16.28} 
[2019-08-27 00:11:52] production.DEBUG: create table `accounts` (`id` int unsigned not null auto_increment primary key, `user_id` int unsigned not null, `code` varchar(50) not null, `balance` decimal(20, 2) not null default '0', `created_at` timestamp null, `updated_at` timestamp null) default character set utf8 collate 'utf8_unicode_ci' engine = InnoDB {"params":[],"time":158.66} 
[2019-08-27 00:11:53] production.DEBUG: alter table `accounts` add constraint `accounts_user_id_foreign` foreign key (`user_id`) references `users` (`id`) on delete cascade on update cascade {"params":[],"time":576.94} 
[2019-08-27 00:11:53] production.DEBUG: alter table `accounts` add unique `accounts_code_unique`(`code`) {"params":[],"time":150.41} 
[2019-08-27 00:11:53] production.DEBUG: insert into `migrations` (`migration`, `batch`) values (?, ?) {"params":["2018_11_28_000000_create_accounts_table",1],"time":24.75} 
[2019-08-27 00:11:53] production.DEBUG: create table `account_transactions` (`id` int unsigned not null auto_increment primary key, `account_id` int unsigned not null, `amount` decimal(20, 2) not null, `balance` decimal(20, 2) not null, `transactionable_type` varchar(255) not null, `transactionable_id` bigint unsigned not null, `created_at` timestamp null, `updated_at` timestamp null) default character set utf8 collate 'utf8_unicode_ci' engine = InnoDB {"params":[],"time":175.26} 
[2019-08-27 00:11:53] production.DEBUG: alter table `account_transactions` add index `account_transactions_morph`(`transactionable_type`, `transactionable_id`) {"params":[],"time":192.5} 
[2019-08-27 00:11:54] production.DEBUG: alter table `account_transactions` add constraint `account_transactions_account_id_foreign` foreign key (`account_id`) references `accounts` (`id`) on delete cascade on update cascade {"params":[],"time":486.04} 
[2019-08-27 00:11:54] production.DEBUG: insert into `migrations` (`migration`, `batch`) values (?, ?) {"params":["2018_11_28_000001_create_account_transactions_table",1],"time":16.48} 
[2019-08-27 00:11:54] production.DEBUG: create table `games` (`id` int unsigned not null auto_increment primary key, `account_id` int unsigned not null, `gameable_type` varchar(255) not null, `gameable_id` bigint unsigned not null, `bet` decimal(16, 2) not null, `win` decimal(16, 2) not null, `result` varchar(100) null, `created_at` timestamp null, `updated_at` timestamp null) default character set utf8 collate 'utf8_unicode_ci' engine = InnoDB {"params":[],"time":141.75} 
[2019-08-27 00:11:54] production.DEBUG: alter table `games` add index `game_morph`(`gameable_type`, `gameable_id`) {"params":[],"time":134.11} 
[2019-08-27 00:11:55] production.DEBUG: alter table `games` add constraint `games_account_id_foreign` foreign key (`account_id`) references `accounts` (`id`) on delete cascade on update cascade {"params":[],"time":693.9} 
[2019-08-27 00:11:55] production.DEBUG: insert into `migrations` (`migration`, `batch`) values (?, ?) {"params":["2018_11_29_000000_create_games_table",1],"time":24.78} 
[2019-08-27 00:11:55] production.DEBUG: create table `game_slots` (`id` int unsigned not null auto_increment primary key, `lines_bet` int not null, `lines_win` int not null, `scatters_count` int not null, `reel_positions` varchar(50) not null, `created_at` timestamp null, `updated_at` timestamp null) default character set utf8 collate 'utf8_unicode_ci' engine = InnoDB {"params":[],"time":158.49} 
[2019-08-27 00:11:55] production.DEBUG: insert into `migrations` (`migration`, `batch`) values (?, ?) {"params":["2018_11_29_000001_create_game_slots_table",1],"time":24.82} 
[2019-08-27 00:11:55] production.DEBUG: alter table `games` drop `result` {"params":[],"time":376.59} 
[2019-08-27 00:11:55] production.DEBUG: insert into `migrations` (`migration`, `batch`) values (?, ?) {"params":["2019_01_14_114519_alter_games_table_delete_result",1],"time":24.65} 
[2019-08-27 00:11:56] production.DEBUG: alter table `games` add `status` tinyint not null after `win` {"params":[],"time":302.41} 
[2019-08-27 00:11:56] production.DEBUG: alter table `games` add index `games_status_index`(`status`) {"params":[],"time":133.79} 
[2019-08-27 00:11:56] production.DEBUG: update `games` set `status` = ? {"params":[1],"time":0.33} 
[2019-08-27 00:11:56] production.DEBUG: insert into `migrations` (`migration`, `batch`) values (?, ?) {"params":["2019_01_14_160000_alter_games_table_add_status",1],"time":48.38} 
[2019-08-27 00:11:56] production.DEBUG: alter table `users` add `referrer_id` int unsigned null after `id` {"params":[],"time":385.17} 
[2019-08-27 00:11:57] production.DEBUG: alter table `users` add constraint `users_referrer_id_foreign` foreign key (`referrer_id`) references `users` (`id`) on delete cascade on update cascade {"params":[],"time":535.29} 
[2019-08-27 00:11:57] production.DEBUG: insert into `migrations` (`migration`, `batch`) values (?, ?) {"params":["2019_02_18_101050_alter_users_table_add_referrer_id",1],"time":24.55} 
[2019-08-27 00:11:57] production.DEBUG: create table `referral_bonuses` (`id` int unsigned not null auto_increment primary key, `user_id` int unsigned not null, `type` tinyint not null, `amount` decimal(20, 2) not null, `created_at` timestamp null, `updated_at` timestamp null) default character set utf8 collate 'utf8_unicode_ci' engine = InnoDB {"params":[],"time":150.19} 
[2019-08-27 00:11:58] production.DEBUG: alter table `referral_bonuses` add constraint `referral_bonuses_user_id_foreign` foreign key (`user_id`) references `users` (`id`) on delete cascade on update cascade {"params":[],"time":561.66} 
[2019-08-27 00:11:58] production.DEBUG: insert into `migrations` (`migration`, `batch`) values (?, ?) {"params":["2019_02_18_131502_create_referral_bonuses_table",1],"time":16.37} 
[2019-08-27 00:11:58] production.DEBUG: create table `chat_messages` (`id` int unsigned not null auto_increment primary key, `user_id` int unsigned not null, `message` text not null, `created_at` timestamp null, `updated_at` timestamp null) default character set utf8 collate 'utf8_unicode_ci' engine = InnoDB {"params":[],"time":158.75} 
[2019-08-27 00:11:58] production.DEBUG: alter table `chat_messages` add constraint `chat_messages_user_id_foreign` foreign key (`user_id`) references `users` (`id`) on delete cascade on update cascade {"params":[],"time":510.16} 
[2019-08-27 00:11:58] production.DEBUG: insert into `migrations` (`migration`, `batch`) values (?, ?) {"params":["2019_02_19_125624_create_chat_messages_table",1],"time":225.22} 
[2019-08-27 00:11:59] production.DEBUG: create table `debits` (`id` int unsigned not null auto_increment primary key, `account_id` int unsigned not null, `amount` decimal(20, 2) not null, `created_at` timestamp null, `updated_at` timestamp null) default character set utf8 collate 'utf8_unicode_ci' engine = InnoDB {"params":[],"time":284.18} 
[2019-08-27 00:11:59] production.DEBUG: alter table `debits` add constraint `debits_account_id_foreign` foreign key (`account_id`) references `accounts` (`id`) on delete cascade on update cascade {"params":[],"time":410.18} 
[2019-08-27 00:11:59] production.DEBUG: insert into `migrations` (`migration`, `batch`) values (?, ?) {"params":["2019_03_05_072317_create_debits_table",1],"time":16.36} 
[2019-08-27 00:11:59] production.DEBUG: create table `credits` (`id` int unsigned not null auto_increment primary key, `account_id` int unsigned not null, `amount` decimal(20, 2) not null, `created_at` timestamp null, `updated_at` timestamp null) default character set utf8 collate 'utf8_unicode_ci' engine = InnoDB {"params":[],"time":151.28} 
[2019-08-27 00:12:00] production.DEBUG: alter table `credits` add constraint `credits_account_id_foreign` foreign key (`account_id`) references `accounts` (`id`) on delete cascade on update cascade {"params":[],"time":585.26} 
[2019-08-27 00:12:00] production.DEBUG: insert into `migrations` (`migration`, `batch`) values (?, ?) {"params":["2019_03_05_072644_create_credits_table",1],"time":24.77} 
[2019-08-27 00:12:00] production.DEBUG: alter table `games` add `secret` varchar(300) not null after `status`, add `server_seed` varchar(32) not null after `secret`, add `client_seed` varchar(32) null after `server_seed` {"params":[],"time":376.41} 
[2019-08-27 00:12:00] production.DEBUG: insert into `migrations` (`migration`, `batch`) values (?, ?) {"params":["2019_03_11_101041_alter_games_table_add_secret_seed",1],"time":24.78} 
[2019-08-27 00:12:01] production.DEBUG: alter table `game_slots` add `bet_amount` decimal(10, 2) not null after `lines_bet` {"params":[],"time":267.86} 
[2019-08-27 00:12:01] production.DEBUG: insert into `migrations` (`migration`, `batch`) values (?, ?) {"params":["2019_03_13_142811_alter_game_slots_table_add_bet_amount",1],"time":24.67} 
[2019-08-27 00:12:01] production.DEBUG: alter table `users` add `totp_secret` varchar(300) null after `remember_token` {"params":[],"time":336.75} 
[2019-08-27 00:12:01] production.DEBUG: insert into `migrations` (`migration`, `batch`) values (?, ?) {"params":["2019_06_13_095842_alter_users_table_add2_f_a_secret",1],"time":49.45} 
[2019-08-27 00:12:01] production.DEBUG: alter table `users` add `referee_sign_up_credits` int unsigned null after `totp_secret`, add `referrer_sign_up_credits` int unsigned null after `referee_sign_up_credits`, add `referrer_game_bet_pct` decimal(8, 2) unsigned null after `referrer_sign_up_credits`, add `referrer_deposit_pct` decimal(8, 2) unsigned null after `referrer_game_bet_pct` {"params":[],"time":410.31} 
[2019-08-27 00:12:01] production.DEBUG: insert into `migrations` (`migration`, `batch`) values (?, ?) {"params":["2019_07_16_070139_alter_users_table_add_referrer_fields",1],"time":24.49} 
[2019-08-27 00:12:55] production.DEBUG: insert into `users` (`name`, `email`, `role`, `status`, `last_login_at`, `last_login_from`, `password`, `updated_at`, `created_at`) values (?, ?, ?, ?, ?, ?, ?, ?, ?) {"params":["CryptoConix","ro.cryptogroup@protonmail.com","ADMIN",0,"2019-08-27 00:12:55","162.158.18.189","$2y$10$/ze8N3GD5FSkClJOWqsn/e4KDEydOyFEEsX.f.gVWAEkBD7cX9o/.","2019-08-27 00:12:55","2019-08-27 00:12:55"],"time":13.11} 
[2019-08-27 00:12:55] production.DEBUG: insert into `accounts` (`user_id`, `code`, `balance`, `updated_at`, `created_at`) values (?, ?, ?, ?, ?) {"params":[1,"d2a312c252520b085fd92db24ea04c97950f0ef399309c9a31",1000,"2019-08-27 00:12:55","2019-08-27 00:12:55"],"time":12.79} 
